line: #
line: #
line: mtllib
line: o
line: 

line: v
line: v
line: v
line: v
line: v
line: v
line: v
line: v
line: v
line: v
line: v
line: v
line: v
line: v
line: v
line: v
line: v
line: v
line: v
line: v
line: v
line: v
line: v
line: v
line: v
line: v
line: v
line: v
line: v
line: v
line: v
line: v
line: v
line: v
line: v
line: v
line: v
line: v
line: v
line: v
line: v
line: v
line: v
line: v
line: v
line: v
line: v
line: v
line: v
line: v
line: v
line: v
line: v
line: v
line: v
line: v
line: v
line: v
line: v
line: v
line: v
line: v
line: v
line: v
line: v
line: v
line: v
line: v
line: v
line: v
line: v
line: v
line: v
line: v
line: v
line: v
line: v
line: v
line: v
line: v
line: v
line: v
line: v
line: v
line: v
line: v
line: v
line: v
line: v
line: v
line: v
line: v
line: v
line: v
line: v
line: v
line: v
line: v
line: v
line: v
line: v
line: v
line: v
line: v
line: v
line: v
line: v
line: v
line: v
line: v
line: v
line: v
line: v
line: v
line: v
line: v
line: v
line: v
line: v
line: v
line: v
line: v
line: v
line: v
line: v
line: v
line: v
line: v
line: v
line: v
line: v
line: v
line: v
line: v
line: v
line: v
line: v
line: v
line: v
line: v
line: v
line: v
line: v
line: v
line: v
line: v
line: v
line: v
line: v
line: v
line: v
line: v
line: v
line: v
line: v
line: v
line: v
line: v
line: v
line: v
line: v
line: v
line: v
line: v
line: v
line: v
line: v
line: v
line: v
line: v
line: v
line: v
line: v
line: v
line: v
line: v
line: v
line: v
line: v
line: v
line: v
line: v
line: v
line: v
line: v
line: v
line: v
line: v
line: v
line: v
line: v
line: v
line: v
line: v
line: v
line: v
line: v
line: v
line: v
line: v
line: v
line: v
line: v
line: v
line: v
line: v
line: v
line: v
line: v
line: v
line: v
line: v
line: v
line: v
line: v
line: v
line: v
line: v
line: v
line: v
line: v
line: v
line: v
line: v
line: v
line: v
line: v
line: v
line: v
line: v
line: v
line: v
line: v
line: v
line: v
line: v
line: v
line: v
line: v
line: v
line: v
line: v
line: v
line: v
line: v
line: v
line: v
line: v
line: v
line: v
line: v
line: v
line: v
line: v
line: v
line: v
line: v
line: v
line: v
line: v
line: v
line: v
line: v
line: v
line: v
line: v
line: v
line: v
line: v
line: v
line: v
line: v
line: v
line: v
line: v
line: v
line: v
line: v
line: v
line: v
line: v
line: v
line: v
line: v
line: v
line: v
line: v
line: v
line: v
line: v
line: v
line: v
line: v
line: v
line: v
line: v
line: v
line: v
line: v
line: v
line: v
line: v
line: v
line: v
line: v
line: v
line: v
line: v
line: v
line: v
line: v
line: v
line: v
line: v
line: v
line: v
line: v
line: v
line: v
line: v
line: v
line: v
line: v
line: v
line: v
line: v
line: v
line: v
line: v
line: v
line: v
line: v
line: v
line: v
line: v
line: v
line: v
line: v
line: v
line: v
line: v
line: v
line: v
line: v
line: v
line: v
line: v
line: v
line: v
line: v
line: v
line: v
line: v
line: v
line: v
line: v
line: v
line: v
line: v
line: v
line: v
line: v
line: v
line: v
line: v
line: v
line: v
line: v
line: v
line: v
line: v
line: v
line: v
line: v
line: v
line: v
line: v
line: v
line: v
line: v
line: v
line: v
line: v
line: v
line: v
line: v
line: v
line: v
line: v
line: v
line: v
line: v
line: v
line: v
line: v
line: v
line: v
line: v
line: v
line: v
line: v
line: v
line: v
line: v
line: v
line: v
line: v
line: v
line: v
line: v
line: v
line: v
line: v
line: v
line: v
line: v
line: v
line: v
line: v
line: v
line: v
line: v
line: v
line: v
line: v
line: v
line: v
line: v
line: v
line: v
line: v
line: v
line: v
line: v
line: v
line: v
line: v
line: v
line: v
line: v
line: v
line: v
line: v
line: v
line: v
line: v
line: v
line: v
line: v
line: v
line: v
line: v
line: v
line: v
line: v
line: v
line: v
line: v
line: v
line: v
line: v
line: v
line: v
line: v
line: v
line: v
line: v
line: v
line: v
line: v
line: v
line: v
line: v
line: v
line: v
line: v
line: v
line: v
line: v
line: v
line: v
line: v
line: v
line: v
line: v
line: v
line: v
line: v
line: v
line: v
line: v
line: v
line: v
line: v
line: v
line: v
line: v
line: v
line: v
line: v
line: v
line: v
line: v
line: v
line: v
line: v
line: v
line: v
line: v
line: v
line: v
line: v
line: v
line: v
line: v
line: v
line: v
line: v
line: v
line: v
line: v
line: v
line: v
line: v
line: v
line: v
line: v
line: v
line: v
line: v
line: v
line: v
line: v
line: v
line: v
line: v
line: v
line: v
line: v
line: v
line: v
line: v
line: vt
0.750000
0.687500
line: vt
0.722222
0.750000
line: vt
0.750000
0.750000
line: vt
0.722222
0.187500
line: vt
0.750000
0.250000
line: vt
0.750000
0.187500
line: vt
0.750000
0.625000
line: vt
0.722222
0.687500
line: vt
0.722222
0.125000
line: vt
0.750000
0.125000
line: vt
0.750000
0.562500
line: vt
0.722222
0.625000
line: vt
0.722222
0.062500
line: vt
0.750000
0.062500
line: vt
0.750000
0.500000
line: vt
0.722222
0.562500
line: vt
0.750000
0.937500
line: vt
0.722222
0.937500
line: vt
0.736111
1.000000
line: vt
0.736111
0.000000
line: vt
0.750000
0.437500
line: vt
0.722222
0.500000
line: vt
0.750000
0.875000
line: vt
0.722222
0.375000
line: vt
0.750000
0.375000
line: vt
0.750000
0.812500
line: vt
0.722222
0.875000
line: vt
0.722222
0.312500
line: vt
0.750000
0.312500
line: vt
0.722222
0.812500
line: vt
0.722222
0.250000
line: vt
0.694444
0.375000
line: vt
0.694444
0.750000
line: vt
0.694444
0.312500
line: vt
0.694444
0.687500
line: vt
0.694444
0.187500
line: vt
0.694444
0.625000
line: vt
0.694444
0.125000
line: vt
0.694444
0.562500
line: vt
0.694444
0.062500
line: vt
0.694444
0.500000
line: vt
0.694444
0.937500
line: vt
0.708333
1.000000
line: vt
0.708333
0.000000
line: vt
0.694444
0.437500
line: vt
0.722222
0.437500
line: vt
0.694444
0.875000
line: vt
0.694444
0.812500
line: vt
0.666667
0.125000
line: vt
0.666667
0.500000
line: vt
0.666667
0.937500
line: vt
0.680555
1.000000
line: vt
0.680555
0.000000
line: vt
0.666667
0.062500
line: vt
0.666667
0.375000
line: vt
0.666667
0.812500
line: vt
0.666667
0.312500
line: vt
0.666667
0.250000
line: vt
0.694444
0.250000
line: vt
0.666667
0.687500
line: vt
0.666667
0.187500
line: vt
0.666667
0.625000
line: vt
0.666667
0.562500
line: vt
0.638889
0.312500
line: vt
0.638889
0.687500
line: vt
0.666667
0.750000
line: vt
0.638889
0.250000
line: vt
0.638889
0.125000
line: vt
0.638889
0.562500
line: vt
0.638889
0.500000
line: vt
0.638889
0.937500
line: vt
0.652778
1.000000
line: vt
0.652778
0.000000
line: vt
0.638889
0.062500
line: vt
0.638889
0.437500
line: vt
0.666667
0.437500
line: vt
0.666667
0.875000
line: vt
0.638889
0.875000
line: vt
0.638889
0.375000
line: vt
0.638889
0.750000
line: vt
0.611111
0.937500
line: vt
0.625000
1.000000
line: vt
0.625000
0.000000
line: vt
0.611111
0.062500
line: vt
0.611111
0.500000
line: vt
0.611111
0.875000
line: vt
0.611111
0.375000
line: vt
0.638889
0.812500
line: vt
0.611111
0.312500
line: vt
0.611111
0.750000
line: vt
0.611111
0.687500
line: vt
0.638889
0.187500
line: vt
0.611111
0.250000
line: vt
0.638889
0.625000
line: vt
0.611111
0.125000
line: vt
0.611111
0.562500
line: vt
0.583333
0.687500
line: vt
0.611111
0.187500
line: vt
0.583333
0.250000
line: vt
0.611111
0.625000
line: vt
0.583333
0.187500
line: vt
0.583333
0.562500
line: vt
0.583333
0.125000
line: vt
0.583333
0.500000
line: vt
0.583333
0.937500
line: vt
0.597222
1.000000
line: vt
0.597222
0.000000
line: vt
0.583333
0.062500
line: vt
0.583333
0.437500
line: vt
0.611111
0.437500
line: vt
0.583333
0.875000
line: vt
0.583333
0.812500
line: vt
0.611111
0.812500
line: vt
0.583333
0.312500
line: vt
0.583333
0.750000
line: vt
0.555555
0.500000
line: vt
0.555555
0.875000
line: vt
0.555555
0.375000
line: vt
0.583333
0.375000
line: vt
0.555555
0.812500
line: vt
0.555555
0.312500
line: vt
0.555555
0.750000
line: vt
0.555555
0.250000
line: vt
0.555555
0.687500
line: vt
0.583333
0.625000
line: vt
0.555555
0.125000
line: vt
0.555555
0.562500
line: vt
0.555555
0.062500
line: vt
0.555555
0.937500
line: vt
0.569444
1.000000
line: vt
0.569444
0.000000
line: vt
0.555555
0.187500
line: vt
0.527778
0.250000
line: vt
0.555555
0.625000
line: vt
0.527778
0.687500
line: vt
0.527778
0.125000
line: vt
0.527778
0.625000
line: vt
0.527778
0.500000
line: vt
0.527777
0.937500
line: vt
0.541666
1.000000
line: vt
0.541666
0.000000
line: vt
0.527777
0.062500
line: vt
0.527778
0.437500
line: vt
0.555555
0.437500
line: vt
0.527778
0.375000
line: vt
0.527778
0.875000
line: vt
0.527778
0.312500
line: vt
0.527778
0.750000
line: vt
0.500000
0.937500
line: vt
0.500000
0.375000
line: vt
0.500000
0.812500
line: vt
0.527778
0.812500
line: vt
0.500000
0.312500
line: vt
0.500000
0.750000
line: vt
0.500000
0.250000
line: vt
0.527778
0.187500
line: vt
0.500000
0.687500
line: vt
0.500000
0.187500
line: vt
0.527778
0.562500
line: vt
0.500000
0.625000
line: vt
0.500000
0.062500
line: vt
0.500000
0.500000
line: vt
0.513888
1.000000
line: vt
0.513888
0.000000
line: vt
0.500000
0.437500
line: vt
0.472222
0.687500
line: vt
0.472222
0.125000
line: vt
0.500000
0.125000
line: vt
0.500000
0.562500
line: vt
0.472222
0.625000
line: vt
0.472222
0.500000
line: vt
0.472222
0.937500
line: vt
0.486111
1.000000
line: vt
0.486111
0.000000
line: vt
0.472222
0.062500
line: vt
0.472222
0.437500
line: vt
0.500000
0.875000
line: vt
0.472222
0.375000
line: vt
0.472222
0.812500
line: vt
0.472222
0.312500
line: vt
0.472222
0.750000
line: vt
0.472222
0.250000
line: vt
0.444444
0.437500
line: vt
0.444444
0.812500
line: vt
0.472222
0.875000
line: vt
0.444444
0.312500
line: vt
0.444444
0.750000
line: vt
0.444444
0.687500
line: vt
0.472222
0.187500
line: vt
0.444444
0.250000
line: vt
0.444444
0.187500
line: vt
0.444444
0.562500
line: vt
0.472222
0.562500
line: vt
0.444444
0.125000
line: vt
0.444444
0.500000
line: vt
0.444444
0.937500
line: vt
0.458333
1.000000
line: vt
0.458333
0.000000
line: vt
0.444444
0.062500
line: vt
0.444444
0.875000
line: vt
0.416667
0.125000
line: vt
0.416667
0.562500
line: vt
0.444444
0.625000
line: vt
0.416667
0.500000
line: vt
0.416666
0.937500
line: vt
0.430555
1.000000
line: vt
0.430555
0.000000
line: vt
0.416666
0.062500
line: vt
0.416667
0.437500
line: vt
0.416667
0.375000
line: vt
0.444444
0.375000
line: vt
0.416667
0.812500
line: vt
0.416667
0.312500
line: vt
0.416667
0.750000
line: vt
0.416667
0.687500
line: vt
0.416667
0.250000
line: vt
0.388889
0.312500
line: vt
0.388889
0.750000
line: vt
0.388889
0.687500
line: vt
0.416667
0.187500
line: vt
0.388889
0.250000
line: vt
0.416667
0.625000
line: vt
0.388889
0.187500
line: vt
0.388889
0.562500
line: vt
0.388889
0.125000
line: vt
0.388889
0.500000
line: vt
0.388889
0.937500
line: vt
0.402777
1.000000
line: vt
0.402777
0.000000
line: vt
0.388889
0.062500
line: vt
0.388889
0.437500
line: vt
0.388889
0.875000
line: vt
0.416666
0.875000
line: vt
0.388889
0.812500
line: vt
0.361111
0.125000
line: vt
0.361111
0.500000
line: vt
0.361111
0.937500
line: vt
0.375000
1.000000
line: vt
0.375000
0.000000
line: vt
0.361111
0.062500
line: vt
0.361111
0.875000
line: vt
0.388889
0.375000
line: vt
0.361111
0.437500
line: vt
0.361111
0.812500
line: vt
0.361111
0.312500
line: vt
0.361111
0.750000
line: vt
0.361111
0.250000
line: vt
0.361111
0.687500
line: vt
0.388889
0.625000
line: vt
0.361111
0.187500
line: vt
0.361111
0.562500
line: vt
0.333333
0.750000
line: vt
0.333333
0.250000
line: vt
0.333333
0.687500
line: vt
0.361111
0.625000
line: vt
0.333333
0.125000
line: vt
0.333333
0.562500
line: vt
0.333333
0.062500
line: vt
0.333333
0.500000
line: vt
0.333333
0.937500
line: vt
0.347222
1.000000
line: vt
0.347222
0.000000
line: vt
0.361111
0.375000
line: vt
0.333333
0.437500
line: vt
0.333333
0.812500
line: vt
0.333333
0.312500
line: vt
0.305555
0.500000
line: vt
0.305555
0.937500
line: vt
0.319444
1.000000
line: vt
0.319444
0.000000
line: vt
0.305555
0.062500
line: vt
0.305555
0.437500
line: vt
0.333333
0.875000
line: vt
0.333333
0.375000
line: vt
0.305555
0.812500
line: vt
0.305555
0.312500
line: vt
0.305555
0.750000
line: vt
0.305555
0.250000
line: vt
0.333333
0.187500
line: vt
0.333333
0.625000
line: vt
0.305555
0.687500
line: vt
0.305555
0.125000
line: vt
0.305555
0.562500
line: vt
0.277778
0.250000
line: vt
0.277778
0.687500
line: vt
0.305555
0.187500
line: vt
0.305555
0.625000
line: vt
0.277778
0.125000
line: vt
0.277778
0.562500
line: vt
0.277778
0.500000
line: vt
0.277778
0.937500
line: vt
0.291666
1.000000
line: vt
0.291667
0.000000
line: vt
0.277778
0.062500
line: vt
0.277778
0.437500
line: vt
0.277778
0.875000
line: vt
0.305555
0.875000
line: vt
0.305555
0.375000
line: vt
0.277778
0.812500
line: vt
0.277778
0.312500
line: vt
0.277778
0.750000
line: vt
0.250000
0.937500
line: vt
0.263889
1.000000
line: vt
0.263889
0.000000
line: vt
0.250000
0.062500
line: vt
0.250000
0.500000
line: vt
0.250000
0.875000
line: vt
0.277778
0.375000
line: vt
0.250000
0.437500
line: vt
0.250000
0.812500
line: vt
0.250000
0.312500
line: vt
0.250000
0.750000
line: vt
0.250000
0.250000
line: vt
0.250000
0.687500
line: vt
0.277778
0.187500
line: vt
0.277778
0.625000
line: vt
0.250000
0.125000
line: vt
0.250000
0.562500
line: vt
0.222222
0.687500
line: vt
0.250000
0.187500
line: vt
0.222222
0.250000
line: vt
0.250000
0.625000
line: vt
0.222222
0.125000
line: vt
0.222222
0.562500
line: vt
0.222222
0.500000
line: vt
0.222222
0.937500
line: vt
0.236111
1.000000
line: vt
0.236111
0.000000
line: vt
0.222222
0.062500
line: vt
0.250000
0.375000
line: vt
0.222222
0.437500
line: vt
0.222222
0.875000
line: vt
0.222222
0.312500
line: vt
0.222222
0.750000
line: vt
0.194444
0.500000
line: vt
0.194445
0.937500
line: vt
0.222222
0.375000
line: vt
0.194444
0.437500
line: vt
0.194444
0.812500
line: vt
0.222222
0.812500
line: vt
0.194444
0.312500
line: vt
0.194444
0.750000
line: vt
0.194444
0.250000
line: vt
0.194444
0.687500
line: vt
0.222222
0.187500
line: vt
0.222222
0.625000
line: vt
0.194444
0.125000
line: vt
0.194444
0.562500
line: vt
0.208333
1.000000
line: vt
0.208333
0.000000
line: vt
0.194444
0.062500
line: vt
0.194444
0.187500
line: vt
0.166667
0.250000
line: vt
0.194444
0.625000
line: vt
0.166667
0.687500
line: vt
0.166667
0.125000
line: vt
0.166667
0.562500
line: vt
0.166667
0.500000
line: vt
0.166667
0.937500
line: vt
0.180556
1.000000
line: vt
0.180556
0.000000
line: vt
0.166667
0.062500
line: vt
0.166667
0.437500
line: vt
0.166667
0.875000
line: vt
0.194444
0.875000
line: vt
0.194444
0.375000
line: vt
0.166667
0.812500
line: vt
0.166667
0.312500
line: vt
0.166667
0.750000
line: vt
0.166667
0.375000
line: vt
0.138889
0.437500
line: vt
0.138889
0.812500
line: vt
0.138889
0.312500
line: vt
0.138889
0.750000
line: vt
0.138889
0.250000
line: vt
0.166667
0.187500
line: vt
0.166667
0.625000
line: vt
0.138889
0.687500
line: vt
0.138889
0.125000
line: vt
0.138889
0.562500
line: vt
0.138889
0.500000
line: vt
0.138889
0.937500
line: vt
0.152778
1.000000
line: vt
0.152778
0.000000
line: vt
0.138889
0.062500
line: vt
0.111111
0.125000
line: vt
0.138889
0.187500
line: vt
0.111111
0.562500
line: vt
0.138889
0.625000
line: vt
0.111111
0.062500
line: vt
0.111111
0.500000
line: vt
0.111111
0.937500
line: vt
0.125000
1.000000
line: vt
0.125000
0.000000
line: vt
0.111111
0.875000
line: vt
0.138889
0.875000
line: vt
0.138889
0.375000
line: vt
0.111111
0.437500
line: vt
0.111111
0.312500
line: vt
0.111111
0.750000
line: vt
0.111111
0.250000
line: vt
0.111111
0.687500
line: vt
0.111111
0.812500
line: vt
0.083333
0.875000
line: vt
0.083333
0.312500
line: vt
0.111111
0.375000
line: vt
0.083333
0.750000
line: vt
0.083333
0.250000
line: vt
0.111111
0.187500
line: vt
0.083333
0.625000
line: vt
0.111111
0.625000
line: vt
0.083333
0.125000
line: vt
0.083333
0.562500
line: vt
0.083334
0.062500
line: vt
0.083333
0.500000
line: vt
0.083334
0.937500
line: vt
0.097223
1.000000
line: vt
0.097223
0.000000
line: vt
0.083333
0.437500
line: vt
0.055556
0.562500
line: vt
0.055556
0.062500
line: vt
0.055556
0.500000
line: vt
0.055556
0.937500
line: vt
0.069445
1.000000
line: vt
0.069445
0.000000
line: vt
0.055556
0.875000
line: vt
0.083333
0.375000
line: vt
0.055556
0.437500
line: vt
0.055556
0.812500
line: vt
0.083333
0.812500
line: vt
0.055556
0.375000
line: vt
0.055556
0.750000
line: vt
0.055556
0.250000
line: vt
0.055556
0.687500
line: vt
0.083333
0.687500
line: vt
0.083333
0.187500
line: vt
0.055556
0.625000
line: vt
0.055556
0.125000
line: vt
0.027778
0.312500
line: vt
0.055556
0.312500
line: vt
0.027778
0.750000
line: vt
0.027778
0.250000
line: vt
0.027778
0.687500
line: vt
0.055556
0.187500
line: vt
0.027778
0.625000
line: vt
0.027778
0.125000
line: vt
0.027778
0.562500
line: vt
0.027778
0.062500
line: vt
0.027778
0.500000
line: vt
0.027778
0.937500
line: vt
0.041667
1.000000
line: vt
0.041667
0.000000
line: vt
0.027778
0.875000
line: vt
0.027778
0.437500
line: vt
0.027778
0.812500
line: vt
0.000000
0.125000
line: vt
0.000000
0.500000
line: vt
0.000000
0.937500
line: vt
0.013889
1.000000
line: vt
0.013889
0.000000
line: vt
0.000000
0.062500
line: vt
0.000000
0.875000
line: vt
0.027778
0.375000
line: vt
0.000000
0.437500
line: vt
0.000000
0.812500
line: vt
0.000000
0.312500
line: vt
0.000000
0.750000
line: vt
0.000000
0.250000
line: vt
0.027778
0.187500
line: vt
0.000000
0.625000
line: vt
0.000000
0.562500
line: vt
0.972222
0.750000
line: vt
1.000000
0.812500
line: vt
1.000000
0.750000
line: vt
0.972222
0.250000
line: vt
1.000000
0.312500
line: vt
1.000000
0.250000
line: vt
1.000000
0.687500
line: vt
1.000000
0.187500
line: vt
0.972222
0.625000
line: vt
1.000000
0.625000
line: vt
0.972222
0.125000
line: vt
1.000000
0.125000
line: vt
1.000000
0.562500
line: vt
1.000000
0.062500
line: vt
0.972222
0.500000
line: vt
1.000000
0.500000
line: vt
1.000000
0.937500
line: vt
0.972222
0.937500
line: vt
0.986112
1.000000
line: vt
0.986111
0.000000
line: vt
0.972222
0.062500
line: vt
1.000000
0.437500
line: vt
1.000000
0.875000
line: vt
1.000000
0.375000
line: vt
0.972222
0.437500
line: vt
0.972222
0.812500
line: vt
0.972222
0.312500
line: vt
0.944445
0.500000
line: vt
0.972222
0.562500
line: vt
0.944445
0.937500
line: vt
0.958334
1.000000
line: vt
0.958334
0.000000
line: vt
0.944445
0.062500
line: vt
0.944445
0.875000
line: vt
0.972222
0.875000
line: vt
0.972222
0.375000
line: vt
0.944444
0.437500
line: vt
0.944445
0.812500
line: vt
0.944444
0.312500
line: vt
0.944445
0.750000
line: vt
0.944445
0.250000
line: vt
0.972222
0.687500
line: vt
0.972222
0.187500
line: vt
0.944444
0.625000
line: vt
0.944445
0.125000
line: vt
0.916667
0.250000
line: vt
0.944444
0.687500
line: vt
0.916667
0.750000
line: vt
0.944445
0.187500
line: vt
0.916667
0.625000
line: vt
0.916667
0.125000
line: vt
0.916667
0.562500
line: vt
0.944444
0.562500
line: vt
0.916667
0.500000
line: vt
0.916667
0.937500
line: vt
0.930556
1.000000
line: vt
0.930556
0.000000
line: vt
0.916667
0.062500
line: vt
0.916667
0.875000
line: vt
0.944444
0.375000
line: vt
0.916667
0.437500
line: vt
0.916667
0.812500
line: vt
0.916667
0.312500
line: vt
0.902778
0.000000
line: vt
0.888889
0.062500
line: vt
0.888889
0.500000
line: vt
0.888889
0.875000
line: vt
0.916667
0.375000
line: vt
0.888889
0.437500
line: vt
0.888889
0.812500
line: vt
0.888889
0.375000
line: vt
0.888889
0.750000
line: vt
0.888889
0.250000
line: vt
0.916667
0.687500
line: vt
0.916667
0.187500
line: vt
0.888889
0.625000
line: vt
0.888889
0.125000
line: vt
0.888889
0.937500
line: vt
0.902778
1.000000
line: vt
0.888889
0.187500
line: vt
0.861111
0.250000
line: vt
0.861111
0.625000
line: vt
0.888889
0.687500
line: vt
0.861111
0.125000
line: vt
0.888889
0.562500
line: vt
0.861111
0.062500
line: vt
0.861111
0.500000
line: vt
0.861111
0.937500
line: vt
0.875000
1.000000
line: vt
0.875000
0.000000
line: vt
0.861111
0.437500
line: vt
0.861111
0.875000
line: vt
0.861111
0.312500
line: vt
0.888889
0.312500
line: vt
0.861111
0.750000
line: vt
0.833333
0.875000
line: vt
0.861111
0.375000
line: vt
0.833333
0.437500
line: vt
0.833333
0.812500
line: vt
0.861111
0.812500
line: vt
0.833333
0.375000
line: vt
0.833333
0.750000
line: vt
0.833333
0.250000
line: vt
0.861111
0.687500
line: vt
0.861111
0.187500
line: vt
0.833333
0.625000
line: vt
0.833333
0.125000
line: vt
0.861111
0.562500
line: vt
0.833333
0.062500
line: vt
0.833333
0.500000
line: vt
0.833333
0.937500
line: vt
0.847223
1.000000
line: vt
0.847222
0.000000
line: vt
0.805556
0.625000
line: vt
0.833333
0.687500
line: vt
0.805556
0.125000
line: vt
0.833333
0.187500
line: vt
0.805555
0.562500
line: vt
0.833333
0.562500
line: vt
0.805556
0.500000
line: vt
0.805556
0.937500
line: vt
0.819445
1.000000
line: vt
0.819445
0.000000
line: vt
0.805556
0.062500
line: vt
0.805556
0.437500
line: vt
0.805556
0.812500
line: vt
0.805555
0.312500
line: vt
0.833333
0.312500
line: vt
0.805556
0.750000
line: vt
0.805556
0.250000
line: vt
0.805555
0.375000
line: vt
0.777778
0.437500
line: vt
0.777778
0.812500
line: vt
0.805556
0.875000
line: vt
0.777778
0.375000
line: vt
0.777778
0.750000
line: vt
0.777778
0.250000
line: vt
0.805555
0.687500
line: vt
0.805556
0.187500
line: vt
0.777778
0.625000
line: vt
0.777778
0.125000
line: vt
0.777778
0.500000
line: vt
0.777778
0.937500
line: vt
0.791667
1.000000
line: vt
0.791667
0.000000
line: vt
0.777778
0.062500
line: vt
0.777778
0.187500
line: vt
0.777778
0.562500
line: vt
0.763889
1.000000
line: vt
0.763889
0.000000
line: vt
0.777778
0.875000
line: vt
0.777778
0.312500
line: vt
0.777778
0.687500
line: vt
0.000000
0.375000
line: vt
0.000000
0.687500
line: vt
0.000000
0.187500
line: vn
-0.067500
-0.632900
0.771200
line: vn
-0.055400
0.771800
0.633400
line: vn
-0.076900
-0.470000
0.879300
line: vn
-0.041200
0.881200
0.471000
line: vn
-0.083400
-0.289300
0.953600
line: vn
-0.025400
0.956600
0.290200
line: vn
-0.086700
-0.097600
0.991400
line: vn
-0.008600
-0.995100
0.098000
line: vn
-0.008600
0.995100
0.098000
line: vn
-0.086700
0.097600
0.991400
line: vn
-0.025400
-0.956600
0.290200
line: vn
-0.083400
0.289300
0.953600
line: vn
-0.041200
-0.881200
0.471000
line: vn
-0.076900
0.470000
0.879300
line: vn
-0.055400
-0.771800
0.633400
line: vn
-0.067500
0.632900
0.771200
line: vn
-0.228500
0.470000
0.852600
line: vn
-0.164600
-0.771800
0.614200
line: vn
-0.200400
0.632900
0.747800
line: vn
-0.200400
-0.632900
0.747800
line: vn
-0.164600
0.771800
0.614200
line: vn
-0.228500
-0.470000
0.852600
line: vn
-0.122400
0.881200
0.456700
line: vn
-0.247800
-0.289300
0.924600
line: vn
-0.075400
0.956600
0.281400
line: vn
-0.257600
-0.097600
0.961300
line: vn
-0.025500
-0.995100
0.095000
line: vn
-0.025500
0.995100
0.095000
line: vn
-0.257600
0.097600
0.961300
line: vn
-0.075400
-0.956600
0.281400
line: vn
-0.247800
0.289300
0.924600
line: vn
-0.122400
-0.881200
0.456700
line: vn
-0.123100
0.956600
0.264000
line: vn
-0.420600
-0.097600
0.902000
line: vn
-0.041600
-0.995100
0.089200
line: vn
-0.041600
0.995100
0.089200
line: vn
-0.420600
0.097600
0.902000
line: vn
-0.123100
-0.956600
0.264000
line: vn
-0.404500
0.289300
0.867600
line: vn
-0.199800
-0.881200
0.428500
line: vn
-0.373000
0.470000
0.800000
line: vn
-0.268700
-0.771800
0.576300
line: vn
-0.327200
0.632900
0.701700
line: vn
-0.327200
-0.632900
0.701700
line: vn
-0.268700
0.771800
0.576300
line: vn
-0.373000
-0.470000
0.800000
line: vn
-0.199800
0.881200
0.428500
line: vn
-0.404500
-0.289300
0.867600
line: vn
-0.444100
0.632900
0.634200
line: vn
-0.444100
-0.632900
0.634200
line: vn
-0.364700
0.771800
0.520800
line: vn
-0.506300
-0.470000
0.723000
line: vn
-0.271200
0.881200
0.387300
line: vn
-0.549100
-0.289300
0.784100
line: vn
-0.167100
0.956600
0.238600
line: vn
-0.570800
-0.097600
0.815200
line: vn
-0.056400
-0.995100
0.080600
line: vn
-0.056400
0.995100
0.080600
line: vn
-0.570800
0.097600
0.815200
line: vn
-0.167100
-0.956600
0.238600
line: vn
-0.549100
0.289300
0.784100
line: vn
-0.271200
-0.881200
0.387300
line: vn
-0.506300
0.470000
0.723000
line: vn
-0.364700
-0.771800
0.520800
line: vn
-0.069600
-0.995100
0.069600
line: vn
-0.069600
0.995100
0.069600
line: vn
-0.703700
0.097600
0.703700
line: vn
-0.206000
-0.956600
0.206000
line: vn
-0.676900
0.289300
0.676900
line: vn
-0.334300
-0.881200
0.334300
line: vn
-0.624100
0.470000
0.624100
line: vn
-0.449600
-0.771800
0.449600
line: vn
-0.547400
0.632900
0.547400
line: vn
-0.547400
-0.632900
0.547400
line: vn
-0.449600
0.771800
0.449600
line: vn
-0.624100
-0.470000
0.624100
line: vn
-0.334300
0.881200
0.334300
line: vn
-0.676900
-0.289300
0.676900
line: vn
-0.206000
0.956600
0.206000
line: vn
-0.703700
-0.097600
0.703700
line: vn
-0.634200
-0.632900
0.444100
line: vn
-0.520800
0.771800
0.364700
line: vn
-0.723000
-0.470000
0.506300
line: vn
-0.387300
0.881200
0.271200
line: vn
-0.784100
-0.289300
0.549100
line: vn
-0.238600
0.956600
0.167100
line: vn
-0.815200
-0.097600
0.570800
line: vn
-0.080600
-0.995100
0.056400
line: vn
-0.080600
0.995100
0.056400
line: vn
-0.815200
0.097600
0.570800
line: vn
-0.238600
-0.956600
0.167100
line: vn
-0.784100
0.289300
0.549100
line: vn
-0.387300
-0.881200
0.271200
line: vn
-0.723000
0.470000
0.506300
line: vn
-0.520800
-0.771800
0.364700
line: vn
-0.634200
0.632900
0.444100
line: vn
-0.902000
0.097600
0.420600
line: vn
-0.264000
-0.956600
0.123100
line: vn
-0.867600
0.289300
0.404500
line: vn
-0.428500
-0.881200
0.199800
line: vn
-0.800000
0.470000
0.373000
line: vn
-0.576300
-0.771800
0.268700
line: vn
-0.701700
0.632900
0.327200
line: vn
-0.701700
-0.632900
0.327200
line: vn
-0.576300
0.771800
0.268700
line: vn
-0.800000
-0.470000
0.373000
line: vn
-0.428500
0.881200
0.199800
line: vn
-0.867600
-0.289300
0.404500
line: vn
-0.264000
0.956600
0.123100
line: vn
-0.902000
-0.097600
0.420600
line: vn
-0.089200
-0.995100
0.041600
line: vn
-0.089200
0.995100
0.041600
line: vn
-0.614200
0.771800
0.164600
line: vn
-0.852600
-0.470000
0.228500
line: vn
-0.456700
0.881200
0.122400
line: vn
-0.924600
-0.289300
0.247800
line: vn
-0.281400
0.956600
0.075400
line: vn
-0.961300
-0.097600
0.257600
line: vn
-0.095000
-0.995100
0.025500
line: vn
-0.095000
0.995100
0.025500
line: vn
-0.961300
0.097600
0.257600
line: vn
-0.281400
-0.956600
0.075400
line: vn
-0.924600
0.289300
0.247800
line: vn
-0.456700
-0.881200
0.122400
line: vn
-0.852600
0.470000
0.228500
line: vn
-0.614200
-0.771800
0.164600
line: vn
-0.747800
0.632900
0.200400
line: vn
-0.747800
-0.632900
0.200400
line: vn
-0.290200
-0.956600
0.025400
line: vn
-0.953600
0.289300
0.083400
line: vn
-0.471000
-0.881200
0.041200
line: vn
-0.879300
0.470000
0.076900
line: vn
-0.633400
-0.771800
0.055400
line: vn
-0.771200
0.632900
0.067500
line: vn
-0.771200
-0.632900
0.067500
line: vn
-0.633400
0.771800
0.055400
line: vn
-0.879300
-0.470000
0.076900
line: vn
-0.471000
0.881200
0.041200
line: vn
-0.953600
-0.289300
0.083400
line: vn
-0.290200
0.956600
0.025400
line: vn
-0.991400
-0.097600
0.086700
line: vn
-0.098000
-0.995100
0.008600
line: vn
-0.098000
0.995100
0.008600
line: vn
-0.991400
0.097600
0.086700
line: vn
-0.879300
-0.470000
-0.076900
line: vn
-0.471000
0.881200
-0.041200
line: vn
-0.953600
-0.289300
-0.083400
line: vn
-0.290200
0.956600
-0.025400
line: vn
-0.991400
-0.097600
-0.086700
line: vn
-0.098000
-0.995100
-0.008600
line: vn
-0.098000
0.995100
-0.008600
line: vn
-0.991400
0.097600
-0.086700
line: vn
-0.290200
-0.956600
-0.025400
line: vn
-0.953600
0.289300
-0.083400
line: vn
-0.471000
-0.881200
-0.041200
line: vn
-0.879300
0.470000
-0.076900
line: vn
-0.633400
-0.771800
-0.055400
line: vn
-0.771200
0.632900
-0.067500
line: vn
-0.771200
-0.632900
-0.067500
line: vn
-0.633400
0.771800
-0.055400
line: vn
-0.924600
0.289300
-0.247800
line: vn
-0.456700
-0.881200
-0.122400
line: vn
-0.852600
0.470000
-0.228500
line: vn
-0.614200
-0.771800
-0.164600
line: vn
-0.747800
0.632900
-0.200400
line: vn
-0.747800
-0.632900
-0.200400
line: vn
-0.614200
0.771800
-0.164600
line: vn
-0.852600
-0.470000
-0.228500
line: vn
-0.456700
0.881200
-0.122400
line: vn
-0.924600
-0.289300
-0.247800
line: vn
-0.281400
0.956600
-0.075400
line: vn
-0.961300
-0.097600
-0.257600
line: vn
-0.095000
-0.995100
-0.025500
line: vn
-0.095000
0.995100
-0.025500
line: vn
-0.961300
0.097600
-0.257600
line: vn
-0.281400
-0.956600
-0.075400
line: vn
-0.428500
0.881200
-0.199800
line: vn
-0.867600
-0.289300
-0.404500
line: vn
-0.264000
0.956600
-0.123100
line: vn
-0.902000
-0.097600
-0.420600
line: vn
-0.089200
-0.995100
-0.041600
line: vn
-0.089200
0.995100
-0.041600
line: vn
-0.902000
0.097600
-0.420600
line: vn
-0.264000
-0.956600
-0.123100
line: vn
-0.867600
0.289300
-0.404600
line: vn
-0.428500
-0.881200
-0.199800
line: vn
-0.800000
0.470000
-0.373000
line: vn
-0.576300
-0.771800
-0.268700
line: vn
-0.701700
0.632900
-0.327200
line: vn
-0.701700
-0.632900
-0.327200
line: vn
-0.576300
0.771800
-0.268700
line: vn
-0.800000
-0.470000
-0.373000
line: vn
-0.723000
0.470000
-0.506300
line: vn
-0.520800
-0.771800
-0.364700
line: vn
-0.634200
0.632900
-0.444100
line: vn
-0.634200
-0.632900
-0.444100
line: vn
-0.520800
0.771800
-0.364700
line: vn
-0.723000
-0.470000
-0.506300
line: vn
-0.387300
0.881200
-0.271200
line: vn
-0.784100
-0.289300
-0.549100
line: vn
-0.238600
0.956600
-0.167100
line: vn
-0.815200
-0.097600
-0.570800
line: vn
-0.080600
-0.995100
-0.056400
line: vn
-0.080600
0.995100
-0.056400
line: vn
-0.815200
0.097600
-0.570800
line: vn
-0.238600
-0.956600
-0.167100
line: vn
-0.784100
0.289300
-0.549100
line: vn
-0.387300
-0.881200
-0.271200
line: vn
-0.206000
0.956600
-0.206000
line: vn
-0.703700
-0.097600
-0.703700
line: vn
-0.069600
-0.995100
-0.069600
line: vn
-0.069600
0.995100
-0.069600
line: vn
-0.703700
0.097600
-0.703700
line: vn
-0.206000
-0.956600
-0.206000
line: vn
-0.676900
0.289300
-0.676900
line: vn
-0.334300
-0.881200
-0.334300
line: vn
-0.624100
0.470000
-0.624100
line: vn
-0.449600
-0.771800
-0.449600
line: vn
-0.547400
0.632900
-0.547400
line: vn
-0.547400
-0.632900
-0.547400
line: vn
-0.449600
0.771800
-0.449600
line: vn
-0.624100
-0.470000
-0.624100
line: vn
-0.334300
0.881200
-0.334300
line: vn
-0.676900
-0.289300
-0.676900
line: vn
-0.364700
-0.771800
-0.520800
line: vn
-0.444100
0.632900
-0.634200
line: vn
-0.444100
-0.632900
-0.634200
line: vn
-0.364700
0.771800
-0.520800
line: vn
-0.506300
-0.470000
-0.723000
line: vn
-0.271200
0.881200
-0.387300
line: vn
-0.549100
-0.289300
-0.784100
line: vn
-0.167100
0.956600
-0.238600
line: vn
-0.570800
-0.097600
-0.815200
line: vn
-0.056400
-0.995100
-0.080600
line: vn
-0.056400
0.995100
-0.080600
line: vn
-0.570800
0.097600
-0.815200
line: vn
-0.167100
-0.956600
-0.238600
line: vn
-0.549100
0.289300
-0.784100
line: vn
-0.271200
-0.881200
-0.387300
line: vn
-0.506300
0.470000
-0.723000
line: vn
-0.420600
-0.097600
-0.902000
line: vn
-0.041600
-0.995100
-0.089200
line: vn
-0.041600
0.995100
-0.089200
line: vn
-0.420600
0.097600
-0.902000
line: vn
-0.123100
-0.956600
-0.264000
line: vn
-0.404600
0.289300
-0.867600
line: vn
-0.199800
-0.881200
-0.428500
line: vn
-0.373000
0.470000
-0.800000
line: vn
-0.268700
-0.771800
-0.576300
line: vn
-0.327200
0.632900
-0.701700
line: vn
-0.327200
-0.632900
-0.701700
line: vn
-0.268700
0.771800
-0.576300
line: vn
-0.373000
-0.470000
-0.800000
line: vn
-0.199800
0.881200
-0.428500
line: vn
-0.404500
-0.289300
-0.867600
line: vn
-0.123100
0.956600
-0.264000
line: vn
-0.200400
0.632900
-0.747800
line: vn
-0.200400
-0.632900
-0.747800
line: vn
-0.164600
0.771800
-0.614200
line: vn
-0.228500
-0.470000
-0.852600
line: vn
-0.122400
0.881200
-0.456700
line: vn
-0.247800
-0.289300
-0.924600
line: vn
-0.075400
0.956600
-0.281400
line: vn
-0.257600
-0.097600
-0.961300
line: vn
-0.025500
-0.995100
-0.095000
line: vn
-0.025500
0.995100
-0.095000
line: vn
-0.257600
0.097600
-0.961300
line: vn
-0.075400
-0.956600
-0.281400
line: vn
-0.247800
0.289300
-0.924600
line: vn
-0.122400
-0.881200
-0.456700
line: vn
-0.228500
0.470000
-0.852600
line: vn
-0.164600
-0.771800
-0.614200
line: vn
-0.008600
-0.995100
-0.098000
line: vn
-0.008600
0.995100
-0.098000
line: vn
-0.086700
0.097600
-0.991400
line: vn
-0.025400
-0.956600
-0.290200
line: vn
-0.083400
0.289300
-0.953600
line: vn
-0.041200
-0.881200
-0.471000
line: vn
-0.076900
0.470000
-0.879300
line: vn
-0.055400
-0.771800
-0.633400
line: vn
-0.067500
0.632900
-0.771200
line: vn
-0.067500
-0.632900
-0.771200
line: vn
-0.055400
0.771800
-0.633400
line: vn
-0.076900
-0.470000
-0.879300
line: vn
-0.041200
0.881200
-0.471000
line: vn
-0.083400
-0.289300
-0.953600
line: vn
-0.025400
0.956600
-0.290200
line: vn
-0.086700
-0.097600
-0.991400
line: vn
0.067500
-0.632900
-0.771200
line: vn
0.055400
0.771800
-0.633400
line: vn
0.076900
-0.470000
-0.879300
line: vn
0.041200
0.881200
-0.471000
line: vn
0.083400
-0.289300
-0.953600
line: vn
0.025400
0.956600
-0.290200
line: vn
0.086700
-0.097600
-0.991400
line: vn
0.008600
-0.995100
-0.098000
line: vn
0.008600
0.995100
-0.098000
line: vn
0.086700
0.097600
-0.991400
line: vn
0.025400
-0.956600
-0.290200
line: vn
0.083400
0.289300
-0.953600
line: vn
0.041200
-0.881200
-0.471000
line: vn
0.076900
0.470000
-0.879300
line: vn
0.055400
-0.771800
-0.633400
line: vn
0.067500
0.632900
-0.771200
line: vn
0.257600
0.097600
-0.961300
line: vn
0.075400
-0.956600
-0.281400
line: vn
0.247800
0.289300
-0.924600
line: vn
0.122400
-0.881200
-0.456700
line: vn
0.228500
0.470000
-0.852600
line: vn
0.164600
-0.771800
-0.614200
line: vn
0.200400
0.632900
-0.747800
line: vn
0.200400
-0.632900
-0.747800
line: vn
0.164600
0.771800
-0.614200
line: vn
0.228500
-0.470000
-0.852600
line: vn
0.122400
0.881200
-0.456700
line: vn
0.247800
-0.289300
-0.924600
line: vn
0.075400
0.956600
-0.281400
line: vn
0.257600
-0.097600
-0.961300
line: vn
0.025500
-0.995100
-0.095000
line: vn
0.025500
0.995100
-0.095000
line: vn
0.268700
0.771800
-0.576300
line: vn
0.373000
-0.470000
-0.800000
line: vn
0.199800
0.881200
-0.428500
line: vn
0.404600
-0.289300
-0.867600
line: vn
0.123100
0.956600
-0.264000
line: vn
0.420600
-0.097600
-0.902000
line: vn
0.041600
-0.995100
-0.089200
line: vn
0.041600
0.995100
-0.089200
line: vn
0.420600
0.097600
-0.902000
line: vn
0.123100
-0.956600
-0.264000
line: vn
0.404600
0.289300
-0.867600
line: vn
0.199800
-0.881200
-0.428500
line: vn
0.373000
0.470000
-0.800000
line: vn
0.268700
-0.771800
-0.576300
line: vn
0.327200
0.632900
-0.701700
line: vn
0.327200
-0.632900
-0.701700
line: vn
0.549100
0.289300
-0.784100
line: vn
0.271200
-0.881200
-0.387300
line: vn
0.506300
0.470000
-0.723000
line: vn
0.364700
-0.771800
-0.520800
line: vn
0.444100
0.632900
-0.634200
line: vn
0.444100
-0.632900
-0.634200
line: vn
0.364700
0.771800
-0.520800
line: vn
0.506300
-0.470000
-0.723000
line: vn
0.271200
0.881200
-0.387300
line: vn
0.549100
-0.289300
-0.784100
line: vn
0.167100
0.956600
-0.238600
line: vn
0.570800
-0.097600
-0.815200
line: vn
0.056400
-0.995100
-0.080600
line: vn
0.056400
0.995100
-0.080600
line: vn
0.570800
0.097600
-0.815200
line: vn
0.167100
-0.956600
-0.238600
line: vn
0.334300
0.881200
-0.334300
line: vn
0.676900
-0.289300
-0.676900
line: vn
0.206000
0.956600
-0.206000
line: vn
0.703700
-0.097600
-0.703700
line: vn
0.069600
-0.995100
-0.069600
line: vn
0.069600
0.995100
-0.069600
line: vn
0.703700
0.097600
-0.703700
line: vn
0.206000
-0.956600
-0.206000
line: vn
0.676900
0.289300
-0.676900
line: vn
0.334300
-0.881200
-0.334300
line: vn
0.624100
0.470000
-0.624100
line: vn
0.449600
-0.771800
-0.449600
line: vn
0.547400
0.632900
-0.547400
line: vn
0.547400
-0.632900
-0.547400
line: vn
0.449600
0.771800
-0.449600
line: vn
0.624100
-0.470000
-0.624100
line: vn
0.387300
-0.881200
-0.271200
line: vn
0.723000
0.470000
-0.506300
line: vn
0.520800
-0.771800
-0.364700
line: vn
0.634200
0.632900
-0.444100
line: vn
0.634200
-0.632900
-0.444100
line: vn
0.520800
0.771800
-0.364700
line: vn
0.723000
-0.470000
-0.506300
line: vn
0.387300
0.881200
-0.271200
line: vn
0.784100
-0.289300
-0.549100
line: vn
0.238600
0.956600
-0.167100
line: vn
0.815200
-0.097600
-0.570800
line: vn
0.080600
-0.995100
-0.056400
line: vn
0.080600
0.995100
-0.056400
line: vn
0.815200
0.097600
-0.570800
line: vn
0.238600
-0.956600
-0.167100
line: vn
0.784100
0.289300
-0.549100
line: vn
0.867600
-0.289300
-0.404500
line: vn
0.264000
0.956600
-0.123100
line: vn
0.902000
-0.097600
-0.420600
line: vn
0.089200
-0.995100
-0.041600
line: vn
0.089200
0.995100
-0.041600
line: vn
0.902000
0.097600
-0.420600
line: vn
0.264000
-0.956600
-0.123100
line: vn
0.867600
0.289300
-0.404600
line: vn
0.428500
-0.881200
-0.199800
line: vn
0.800000
0.470000
-0.373000
line: vn
0.576300
-0.771800
-0.268700
line: vn
0.701700
0.632900
-0.327200
line: vn
0.701700
-0.632900
-0.327200
line: vn
0.576300
0.771800
-0.268700
line: vn
0.800000
-0.470000
-0.373000
line: vn
0.428500
0.881200
-0.199800
line: vn
0.852600
0.470000
-0.228500
line: vn
0.614200
-0.771800
-0.164600
line: vn
0.747800
0.632900
-0.200400
line: vn
0.747800
-0.632900
-0.200400
line: vn
0.614200
0.771800
-0.164600
line: vn
0.852600
-0.470000
-0.228500
line: vn
0.456700
0.881200
-0.122400
line: vn
0.924600
-0.289300
-0.247800
line: vn
0.281400
0.956600
-0.075400
line: vn
0.961300
-0.097600
-0.257600
line: vn
0.095000
-0.995100
-0.025500
line: vn
0.095000
0.995100
-0.025500
line: vn
0.961300
0.097600
-0.257600
line: vn
0.281400
-0.956600
-0.075400
line: vn
0.924600
0.289300
-0.247800
line: vn
0.456700
-0.881200
-0.122400
line: vn
0.290200
0.956600
-0.025400
line: vn
0.991400
-0.097600
-0.086700
line: vn
0.098000
-0.995100
-0.008600
line: vn
0.098000
0.995100
-0.008600
line: vn
0.991400
0.097600
-0.086700
line: vn
0.290200
-0.956600
-0.025400
line: vn
0.953600
0.289300
-0.083400
line: vn
0.471000
-0.881200
-0.041200
line: vn
0.879300
0.470000
-0.076900
line: vn
0.633400
-0.771800
-0.055400
line: vn
0.771200
0.632900
-0.067500
line: vn
0.771200
-0.632900
-0.067500
line: vn
0.633400
0.771800
-0.055400
line: vn
0.879300
-0.470000
-0.076900
line: vn
0.471000
0.881200
-0.041200
line: vn
0.953600
-0.289300
-0.083400
line: vn
0.633400
-0.771800
0.055400
line: vn
0.771200
0.632900
0.067500
line: vn
0.771200
-0.632900
0.067500
line: vn
0.633400
0.771800
0.055400
line: vn
0.879300
-0.470000
0.076900
line: vn
0.471000
0.881200
0.041200
line: vn
0.953600
-0.289300
0.083400
line: vn
0.290200
0.956600
0.025400
line: vn
0.991400
-0.097600
0.086700
line: vn
0.098000
-0.995100
0.008600
line: vn
0.098000
0.995100
0.008600
line: vn
0.991400
0.097600
0.086700
line: vn
0.290200
-0.956600
0.025400
line: vn
0.953600
0.289300
0.083400
line: vn
0.471000
-0.881200
0.041200
line: vn
0.879300
0.470000
0.076900
line: vn
0.961300
-0.097600
0.257600
line: vn
0.095000
-0.995100
0.025500
line: vn
0.095000
0.995100
0.025500
line: vn
0.961300
0.097600
0.257600
line: vn
0.281400
-0.956600
0.075400
line: vn
0.924600
0.289300
0.247800
line: vn
0.456700
-0.881200
0.122400
line: vn
0.852600
0.470000
0.228500
line: vn
0.614200
-0.771800
0.164600
line: vn
0.747800
0.632900
0.200400
line: vn
0.747800
-0.632900
0.200400
line: vn
0.614200
0.771800
0.164600
line: vn
0.852600
-0.470000
0.228500
line: vn
0.456700
0.881200
0.122400
line: vn
0.924600
-0.289300
0.247800
line: vn
0.281400
0.956600
0.075400
line: vn
0.701700
0.632900
0.327200
line: vn
0.701700
-0.632900
0.327200
line: vn
0.576300
0.771800
0.268700
line: vn
0.800000
-0.470000
0.373000
line: vn
0.428500
0.881200
0.199800
line: vn
0.867600
-0.289300
0.404600
line: vn
0.264000
0.956600
0.123100
line: vn
0.902000
-0.097600
0.420600
line: vn
0.089200
-0.995100
0.041600
line: vn
0.089200
0.995100
0.041600
line: vn
0.902000
0.097600
0.420600
line: vn
0.264000
-0.956600
0.123100
line: vn
0.867600
0.289300
0.404600
line: vn
0.428500
-0.881200
0.199800
line: vn
0.800000
0.470000
0.373000
line: vn
0.576300
-0.771800
0.268700
line: vn
0.080600
0.995100
0.056400
line: vn
0.815200
0.097600
0.570800
line: vn
0.238600
-0.956600
0.167100
line: vn
0.784100
0.289300
0.549100
line: vn
0.387300
-0.881200
0.271200
line: vn
0.723000
0.470000
0.506300
line: vn
0.520800
-0.771800
0.364700
line: vn
0.634200
0.632900
0.444100
line: vn
0.634200
-0.632900
0.444100
line: vn
0.520800
0.771800
0.364700
line: vn
0.723000
-0.470000
0.506300
line: vn
0.387300
0.881200
0.271200
line: vn
0.784100
-0.289300
0.549100
line: vn
0.238600
0.956600
0.167100
line: vn
0.815200
-0.097600
0.570800
line: vn
0.080600
-0.995100
0.056400
line: vn
0.449600
0.771800
0.449600
line: vn
0.624100
-0.470000
0.624100
line: vn
0.334300
0.881200
0.334300
line: vn
0.676900
-0.289300
0.676900
line: vn
0.206000
0.956600
0.206000
line: vn
0.703700
-0.097600
0.703700
line: vn
0.069600
-0.995100
0.069600
line: vn
0.069600
0.995100
0.069600
line: vn
0.703700
0.097600
0.703700
line: vn
0.206000
-0.956600
0.206000
line: vn
0.676900
0.289300
0.676900
line: vn
0.334300
-0.881200
0.334300
line: vn
0.624100
0.470000
0.624100
line: vn
0.449600
-0.771800
0.449600
line: vn
0.547400
0.632900
0.547400
line: vn
0.547400
-0.632900
0.547400
line: vn
0.167100
-0.956600
0.238600
line: vn
0.549100
0.289300
0.784100
line: vn
0.271200
-0.881200
0.387300
line: vn
0.506300
0.470000
0.723000
line: vn
0.364700
-0.771800
0.520800
line: vn
0.444100
0.632900
0.634200
line: vn
0.444100
-0.632900
0.634200
line: vn
0.364700
0.771800
0.520800
line: vn
0.506300
-0.470000
0.723000
line: vn
0.271200
0.881200
0.387300
line: vn
0.549100
-0.289300
0.784100
line: vn
0.167100
0.956600
0.238600
line: vn
0.570800
-0.097600
0.815200
line: vn
0.056400
-0.995100
0.080600
line: vn
0.056400
0.995100
0.080600
line: vn
0.570800
0.097600
0.815200
line: vn
0.373000
-0.470000
0.800000
line: vn
0.199800
0.881200
0.428500
line: vn
0.404500
-0.289300
0.867600
line: vn
0.123100
0.956600
0.264000
line: vn
0.420600
-0.097600
0.902000
line: vn
0.041600
-0.995100
0.089200
line: vn
0.041600
0.995100
0.089200
line: vn
0.420600
0.097600
0.902000
line: vn
0.123100
-0.956600
0.264000
line: vn
0.404500
0.289300
0.867600
line: vn
0.199800
-0.881200
0.428500
line: vn
0.373000
0.470000
0.800000
line: vn
0.268700
-0.771800
0.576300
line: vn
0.327200
0.632900
0.701700
line: vn
0.327200
-0.632900
0.701700
line: vn
0.268700
0.771800
0.576300
line: vn
0.247800
0.289300
0.924600
line: vn
0.122400
-0.881200
0.456700
line: vn
0.228500
0.470000
0.852600
line: vn
0.164600
-0.771800
0.614200
line: vn
0.200400
0.632900
0.747800
line: vn
0.200400
-0.632900
0.747800
line: vn
0.164600
0.771800
0.614200
line: vn
0.228500
-0.470000
0.852600
line: vn
0.122400
0.881200
0.456700
line: vn
0.247800
-0.289300
0.924600
line: vn
0.075400
0.956600
0.281400
line: vn
0.257600
-0.097600
0.961300
line: vn
0.025500
-0.995100
0.095000
line: vn
0.025500
0.995100
0.095000
line: vn
0.257600
0.097600
0.961300
line: vn
0.075400
-0.956600
0.281400
line: vn
0.041200
0.881200
0.471000
line: vn
0.083400
-0.289300
0.953600
line: vn
0.025400
0.956600
0.290200
line: vn
0.086700
-0.097600
0.991400
line: vn
0.008600
-0.995100
0.098000
line: vn
0.008600
0.995100
0.098000
line: vn
0.086700
0.097600
0.991400
line: vn
0.025400
-0.956600
0.290200
line: vn
0.083400
0.289300
0.953600
line: vn
0.041200
-0.881200
0.471000
line: vn
0.076900
0.470000
0.879300
line: vn
0.055400
-0.771800
0.633400
line: vn
0.067500
0.632900
0.771200
line: vn
0.067500
-0.632900
0.771200
line: vn
0.055400
0.771800
0.633400
line: vn
0.076900
-0.470000
0.879300
line: vn
-0.404600
-0.289300
0.867600
line: vn
-0.867600
-0.289300
-0.404600
line: vn
-0.867600
0.289300
-0.404500
line: vn
-0.404500
0.289300
-0.867600
line: vn
-0.228400
-0.470000
-0.852600
line: vn
0.404500
-0.289300
-0.867600
line: vn
0.404500
0.289300
-0.867600
line: vn
0.867600
0.289300
-0.404500
line: usemtl
line: s
line: f
line: f
line: f
line: f
line: f
line: f
line: f
line: f
line: f
line: f
line: f
line: f
line: f
line: f
line: f
line: f
line: f
line: f
line: f
line: f
line: f
line: f
line: f
line: f
line: f
line: f
line: f
line: f
line: f
line: f
line: f
line: f
line: f
line: f
line: f
line: f
line: f
line: f
line: f
line: f
line: f
line: f
line: f
line: f
line: f
line: f
line: f
line: f
line: f
line: f
line: f
line: f
line: f
line: f
line: f
line: f
line: f
line: f
line: f
line: f
line: f
line: f
line: f
line: f
line: f
line: f
line: f
line: f
line: f
line: f
line: f
line: f
line: f
line: f
line: f
line: f
line: f
line: f
line: f
line: f
line: f
line: f
line: f
line: f
line: f
line: f
line: f
line: f
line: f
line: f
line: f
line: f
line: f
line: f
line: f
line: f
line: f
line: f
line: f
line: f
line: f
line: f
line: f
line: f
line: f
line: f
line: f
line: f
line: f
line: f
line: f
line: f
line: f
line: f
line: f
line: f
line: f
line: f
line: f
line: f
line: f
line: f
line: f
line: f
line: f
line: f
line: f
line: f
line: f
line: f
line: f
line: f
line: f
line: f
line: f
line: f
line: f
line: f
line: f
line: f
line: f
line: f
line: f
line: f
line: f
line: f
line: f
line: f
line: f
line: f
line: f
line: f
line: f
line: f
line: f
line: f
line: f
line: f
line: f
line: f
line: f
line: f
line: f
line: f
line: f
line: f
line: f
line: f
line: f
line: f
line: f
line: f
line: f
line: f
line: f
line: f
line: f
line: f
line: f
line: f
line: f
line: f
line: f
line: f
line: f
line: f
line: f
line: f
line: f
line: f
line: f
line: f
line: f
line: f
line: f
line: f
line: f
line: f
line: f
line: f
line: f
line: f
line: f
line: f
line: f
line: f
line: f
line: f
line: f
line: f
line: f
line: f
line: f
line: f
line: f
line: f
line: f
line: f
line: f
line: f
line: f
line: f
line: f
line: f
line: f
line: f
line: f
line: f
line: f
line: f
line: f
line: f
line: f
line: f
line: f
line: f
line: f
line: f
line: f
line: f
line: f
line: f
line: f
line: f
line: f
line: f
line: f
line: f
line: f
line: f
line: f
line: f
line: f
line: f
line: f
line: f
line: f
line: f
line: f
line: f
line: f
line: f
line: f
line: f
line: f
line: f
line: f
line: f
line: f
line: f
line: f
line: f
line: f
line: f
line: f
line: f
line: f
line: f
line: f
line: f
line: f
line: f
line: f
line: f
line: f
line: f
line: f
line: f
line: f
line: f
line: f
line: f
line: f
line: f
line: f
line: f
line: f
line: f
line: f
line: f
line: f
line: f
line: f
line: f
line: f
line: f
line: f
line: f
line: f
line: f
line: f
line: f
line: f
line: f
line: f
line: f
line: f
line: f
line: f
line: f
line: f
line: f
line: f
line: f
line: f
line: f
line: f
line: f
line: f
line: f
line: f
line: f
line: f
line: f
line: f
line: f
line: f
line: f
line: f
line: f
line: f
line: f
line: f
line: f
line: f
line: f
line: f
line: f
line: f
line: f
line: f
line: f
line: f
line: f
line: f
line: f
line: f
line: f
line: f
line: f
line: f
line: f
line: f
line: f
line: f
line: f
line: f
line: f
line: f
line: f
line: f
line: f
line: f
line: f
line: f
line: f
line: f
line: f
line: f
line: f
line: f
line: f
line: f
line: f
line: f
line: f
line: f
line: f
line: f
line: f
line: f
line: f
line: f
line: f
line: f
line: f
line: f
line: f
line: f
line: f
line: f
line: f
line: f
line: f
line: f
line: f
line: f
line: f
line: f
line: f
line: f
line: f
line: f
line: f
line: f
line: f
line: f
line: f
line: f
line: f
line: f
line: f
line: f
line: f
line: f
line: f
line: f
line: f
line: f
line: f
line: f
line: f
line: f
line: f
line: f
line: f
line: f
line: f
line: f
line: f
line: f
line: f
line: f
line: f
line: f
line: f
line: f
line: f
line: f
line: f
line: f
line: f
line: f
line: f
line: f
line: f
line: f
line: f
line: f
line: f
line: f
line: f
line: f
line: f
line: f
line: f
line: f
line: f
line: f
line: f
line: f
line: f
line: f
line: f
line: f
line: f
line: f
line: f
line: f
line: f
line: f
line: f
line: f
line: f
line: f
line: f
line: f
line: f
line: f
line: f
line: f
line: f
line: f
line: f
line: f
line: f
line: f
line: f
line: f
line: f
line: f
line: f
line: f
line: f
line: f
line: f
line: f
line: f
line: f
line: f
line: f
line: f
line: f
line: f
line: f
line: f
line: f
line: f
line: f
line: f
line: f
line: f
line: f
line: f
line: f
line: f
line: f
line: f
line: f
line: f
line: f
line: f
line: f
line: f
line: f
line: f
line: f
line: f
line: f
line: f
line: f
line: f
line: f
line: f
line: f
line: f
line: f
line: f
line: f
line: f
line: f
line: f
line: f
line: f
line: f
line: f
line: f
line: f
line: f
line: f
line: f
line: f
line: f
line: f
line: f
line: f
line: f
line: f
line: f
line: f
line: f
line: f
line: f
line: f
line: f
line: f
line: f
line: f
line: f
line: f
line: f
line: f
line: f
line: f
line: f
line: f
line: f
line: f
line: f
line: f
line: f
line: f
line: f
line: f
line: f
line: f
line: f
line: f
line: f
line: f
line: f
line: f
line: f
line: f
line: f
line: f
line: f
line: f
line: f
line: f
line: f
line: f
line: f
line: f
line: f
line: f
line: f
line: f
line: f
line: f
line: f
line: f
line: f
line: f
line: f
line: f
line: f
line: f
line: f
line: f
line: f
line: f
line: f
line: f
line: f
line: f
line: f
line: f
line: f
line: f
line: f
line: f
line: f
line: f
line: f
line: f
line: f
line: f
line: f
line: f
line: f
line: f
line: f
line: f
line: f
line: f
line: f
line: f
line: f
line: f
line: f
line: f
line: f
line: f
line: f
line: f
line: f
line: f
line: f
line: f
line: f
line: f
line: f
line: f
line: f
line: f
line: f
line: f
line: f
line: f
line: f
line: f
line: f
line: f
line: f
line: f
line: f
line: f
line: f
line: f
line: f
line: f
line: f
line: f
line: f
line: f
line: f
line: f
line: f
line: f
line: f
line: f
line: f
line: f
line: f
line: f
line: f
line: f
line: f
line: f
line: f
line: f
line: f
line: f
line: f
line: f
line: f
line: f
line: f
line: f
line: f
line: f
line: f
line: f
line: f
line: f
line: f
line: f
line: f
line: f
line: f
line: f
line: f
line: f
line: f
line: f
line: f
line: f
line: f
line: f
line: f
line: f
line: f
line: f
line: f
line: f
line: f
line: f
line: f
line: f
line: f
line: f
line: f
line: f
line: f
line: f
line: f
line: f
line: f
line: f
line: f
line: f
line: f
line: f
line: f
line: f
line: f
line: f
line: f
line: f
line: f
line: f
line: f
line: f
line: f
line: f
line: f
line: f
line: f
line: f
line: f
line: f
line: f
line: f
line: f
line: f
line: f
line: f
line: f
line: f
line: f
line: f
line: f
line: f
line: f
line: f
line: f
line: f
line: f
line: f
line: f
line: f
line: f
line: f
line: f
line: f
line: f
line: f
line: f
line: f
line: f
line: f
line: f
line: f
line: f
line: f
line: f
line: f
line: f
line: f
line: f
line: f
line: f
line: f
line: f
line: f
line: f
line: f
line: f
line: f
line: f
line: f
line: f
line: f
line: f
line: f
line: f
line: f
line: f
line: f
line: f
line: f
line: f
line: f
line: f
line: f
line: f
line: f
line: f
line: f
line: f
line: f
line: f
line: f
line: f
line: f
line: f
line: f
line: f
line: f
line: f
line: f
line: f
line: f
line: f
line: f
line: f
line: f
line: f
line: f
line: f
line: f
line: f
line: f
line: f
line: f
line: f
line: f
line: f
line: f
line: f
line: f
line: f
line: f
line: f
line: f
line: f
line: f
line: f
line: f
line: f
line: f
line: f
line: f
line: f
line: f
line: f
line: f
line: f
line: f
line: f
line: f
line: f
line: f
line: f
line: f
line: f
line: f
line: f
line: f
line: f
line: f
line: f
line: f
line: f
line: f
line: f
line: f
line: f
line: f
line: f
line: f
line: f
line: f
line: f
line: f
line: f
line: f
line: f
line: f
line: f
line: f
line: f
line: f
line: f
line: f
line: f
line: f
line: f
line: f
line: f
line: f
line: f
line: f
line: f
line: f
line: f
line: f
line: f
line: f
line: f
line: f
line: f
line: f
line: f
line: f
line: f
line: f
line: f
line: f
line: f
line: f
line: f
line: f
line: f
line: f
line: f
line: f
line: f
line: f
line: f
line: f
line: f
line: f
line: f
line: f
line: f
line: f
line: f
line: f
line: f
line: f
line: f
line: f
line: f
line: f
line: f
line: f
line: f
line: f
line: f
line: f
line: f
line: f
line: f
line: f
line: f
line: f
line: f
line: f
line: f
line: f
line: f
line: f
line: f
line: f
line: f
line: f
line: f
line: f
line: f
line: f
line: f
line: f
line: f
line: f
line: f
line: f
line: f
line: f
line: f
line: f
line: f
line: f
line: f
line: f
line: f
line: f
line: f
line: f
line: f
line: f
line: f
line: f
line: f
line: f
line: f
line: f
line: f
line: f
line: f
line: f
line: f
line: f
line: f
line: f
line: f
line: f
line: f
line: f
line: f
line: f
line: f
line: f
line: f
line: f
line: f
line: f
line: f
line: f
line: f
line: f
line: f
line: f
line: f
line: f
line: f
line: f
line: f
line: f
line: f
line: f
line: f
line: f
line: f
line: f
line: f
line: f
line: f
line: f
g_vertices: 542 g_texture:627 g_normals:584 g_face_tri:1080
