Vendor: NVIDIA Corporation
4.6.0 NVIDIA 390.65
4.60 NVIDIA
Extension 0 : GL_AMD_multi_draw_indirect 
Extension 1 : GL_AMD_seamless_cubemap_per_texture 
Extension 2 : GL_ARB_arrays_of_arrays 
Extension 3 : GL_ARB_base_instance 
Extension 4 : GL_ARB_bindless_texture 
Extension 5 : GL_ARB_blend_func_extended 
Extension 6 : GL_ARB_buffer_storage 
Extension 7 : GL_ARB_clear_buffer_object 
Extension 8 : GL_ARB_clear_texture 
Extension 9 : GL_ARB_clip_control 
Extension 10 : GL_ARB_color_buffer_float 
Extension 11 : GL_ARB_compatibility 
Extension 12 : GL_ARB_compressed_texture_pixel_storage 
Extension 13 : GL_ARB_conservative_depth 
Extension 14 : GL_ARB_compute_shader 
Extension 15 : GL_ARB_compute_variable_group_size 
Extension 16 : GL_ARB_conditional_render_inverted 
Extension 17 : GL_ARB_copy_buffer 
Extension 18 : GL_ARB_copy_image 
Extension 19 : GL_ARB_cull_distance 
Extension 20 : GL_ARB_debug_output 
Extension 21 : GL_ARB_depth_buffer_float 
Extension 22 : GL_ARB_depth_clamp 
Extension 23 : GL_ARB_depth_texture 
Extension 24 : GL_ARB_derivative_control 
Extension 25 : GL_ARB_direct_state_access 
Extension 26 : GL_ARB_draw_buffers 
Extension 27 : GL_ARB_draw_buffers_blend 
Extension 28 : GL_ARB_draw_indirect 
Extension 29 : GL_ARB_draw_elements_base_vertex 
Extension 30 : GL_ARB_draw_instanced 
Extension 31 : GL_ARB_enhanced_layouts 
Extension 32 : GL_ARB_ES2_compatibility 
Extension 33 : GL_ARB_ES3_compatibility 
Extension 34 : GL_ARB_ES3_1_compatibility 
Extension 35 : GL_ARB_ES3_2_compatibility 
Extension 36 : GL_ARB_explicit_attrib_location 
Extension 37 : GL_ARB_explicit_uniform_location 
Extension 38 : GL_ARB_fragment_coord_conventions 
Extension 39 : GL_ARB_fragment_layer_viewport 
Extension 40 : GL_ARB_fragment_program 
Extension 41 : GL_ARB_fragment_program_shadow 
Extension 42 : GL_ARB_fragment_shader 
Extension 43 : GL_ARB_framebuffer_no_attachments 
Extension 44 : GL_ARB_framebuffer_object 
Extension 45 : GL_ARB_framebuffer_sRGB 
Extension 46 : GL_ARB_geometry_shader4 
Extension 47 : GL_ARB_get_program_binary 
Extension 48 : GL_ARB_get_texture_sub_image 
Extension 49 : GL_ARB_gl_spirv 
Extension 50 : GL_ARB_gpu_shader5 
Extension 51 : GL_ARB_gpu_shader_fp64 
Extension 52 : GL_ARB_gpu_shader_int64 
Extension 53 : GL_ARB_half_float_pixel 
Extension 54 : GL_ARB_half_float_vertex 
Extension 55 : GL_ARB_imaging 
Extension 56 : GL_ARB_indirect_parameters 
Extension 57 : GL_ARB_instanced_arrays 
Extension 58 : GL_ARB_internalformat_query 
Extension 59 : GL_ARB_internalformat_query2 
Extension 60 : GL_ARB_invalidate_subdata 
Extension 61 : GL_ARB_map_buffer_alignment 
Extension 62 : GL_ARB_map_buffer_range 
Extension 63 : GL_ARB_multi_bind 
Extension 64 : GL_ARB_multi_draw_indirect 
Extension 65 : GL_ARB_multisample 
Extension 66 : GL_ARB_multitexture 
Extension 67 : GL_ARB_occlusion_query 
Extension 68 : GL_ARB_occlusion_query2 
Extension 69 : GL_ARB_parallel_shader_compile 
Extension 70 : GL_ARB_pipeline_statistics_query 
Extension 71 : GL_ARB_pixel_buffer_object 
Extension 72 : GL_ARB_point_parameters 
Extension 73 : GL_ARB_point_sprite 
Extension 74 : GL_ARB_polygon_offset_clamp 
Extension 75 : GL_ARB_program_interface_query 
Extension 76 : GL_ARB_provoking_vertex 
Extension 77 : GL_ARB_query_buffer_object 
Extension 78 : GL_ARB_robust_buffer_access_behavior 
Extension 79 : GL_ARB_robustness 
Extension 80 : GL_ARB_sample_shading 
Extension 81 : GL_ARB_sampler_objects 
Extension 82 : GL_ARB_seamless_cube_map 
Extension 83 : GL_ARB_seamless_cubemap_per_texture 
Extension 84 : GL_ARB_separate_shader_objects 
Extension 85 : GL_ARB_shader_atomic_counter_ops 
Extension 86 : GL_ARB_shader_atomic_counters 
Extension 87 : GL_ARB_shader_ballot 
Extension 88 : GL_ARB_shader_bit_encoding 
Extension 89 : GL_ARB_shader_clock 
Extension 90 : GL_ARB_shader_draw_parameters 
Extension 91 : GL_ARB_shader_group_vote 
Extension 92 : GL_ARB_shader_image_load_store 
Extension 93 : GL_ARB_shader_image_size 
Extension 94 : GL_ARB_shader_objects 
Extension 95 : GL_ARB_shader_precision 
Extension 96 : GL_ARB_shader_storage_buffer_object 
Extension 97 : GL_ARB_shader_subroutine 
Extension 98 : GL_ARB_shader_texture_image_samples 
Extension 99 : GL_ARB_shader_texture_lod 
Extension 100 : GL_ARB_shading_language_100 
Extension 101 : GL_ARB_shading_language_420pack 
Extension 102 : GL_ARB_shading_language_include 
Extension 103 : GL_ARB_shading_language_packing 
Extension 104 : GL_ARB_shadow 
Extension 105 : GL_ARB_sparse_buffer 
Extension 106 : GL_ARB_sparse_texture 
Extension 107 : GL_ARB_spirv_extensions 
Extension 108 : GL_ARB_stencil_texturing 
Extension 109 : GL_ARB_sync 
Extension 110 : GL_ARB_tessellation_shader 
Extension 111 : GL_ARB_texture_barrier 
Extension 112 : GL_ARB_texture_border_clamp 
Extension 113 : GL_ARB_texture_buffer_object 
Extension 114 : GL_ARB_texture_buffer_object_rgb32 
Extension 115 : GL_ARB_texture_buffer_range 
Extension 116 : GL_ARB_texture_compression 
Extension 117 : GL_ARB_texture_compression_bptc 
Extension 118 : GL_ARB_texture_compression_rgtc 
Extension 119 : GL_ARB_texture_cube_map 
Extension 120 : GL_ARB_texture_cube_map_array 
Extension 121 : GL_ARB_texture_env_add 
Extension 122 : GL_ARB_texture_env_combine 
Extension 123 : GL_ARB_texture_env_crossbar 
Extension 124 : GL_ARB_texture_env_dot3 
Extension 125 : GL_ARB_texture_filter_anisotropic 
Extension 126 : GL_ARB_texture_float 
Extension 127 : GL_ARB_texture_gather 
Extension 128 : GL_ARB_texture_mirror_clamp_to_edge 
Extension 129 : GL_ARB_texture_mirrored_repeat 
Extension 130 : GL_ARB_texture_multisample 
Extension 131 : GL_ARB_texture_non_power_of_two 
Extension 132 : GL_ARB_texture_query_levels 
Extension 133 : GL_ARB_texture_query_lod 
Extension 134 : GL_ARB_texture_rectangle 
Extension 135 : GL_ARB_texture_rg 
Extension 136 : GL_ARB_texture_rgb10_a2ui 
Extension 137 : GL_ARB_texture_stencil8 
Extension 138 : GL_ARB_texture_storage 
Extension 139 : GL_ARB_texture_storage_multisample 
Extension 140 : GL_ARB_texture_swizzle 
Extension 141 : GL_ARB_texture_view 
Extension 142 : GL_ARB_timer_query 
Extension 143 : GL_ARB_transform_feedback2 
Extension 144 : GL_ARB_transform_feedback3 
Extension 145 : GL_ARB_transform_feedback_instanced 
Extension 146 : GL_ARB_transform_feedback_overflow_query 
Extension 147 : GL_ARB_transpose_matrix 
Extension 148 : GL_ARB_uniform_buffer_object 
Extension 149 : GL_ARB_vertex_array_bgra 
Extension 150 : GL_ARB_vertex_array_object 
Extension 151 : GL_ARB_vertex_attrib_64bit 
Extension 152 : GL_ARB_vertex_attrib_binding 
Extension 153 : GL_ARB_vertex_buffer_object 
Extension 154 : GL_ARB_vertex_program 
Extension 155 : GL_ARB_vertex_shader 
Extension 156 : GL_ARB_vertex_type_10f_11f_11f_rev 
Extension 157 : GL_ARB_vertex_type_2_10_10_10_rev 
Extension 158 : GL_ARB_viewport_array 
Extension 159 : GL_ARB_window_pos 
Extension 160 : GL_ATI_draw_buffers 
Extension 161 : GL_ATI_texture_float 
Extension 162 : GL_ATI_texture_mirror_once 
Extension 163 : GL_S3_s3tc 
Extension 164 : GL_EXT_texture_env_add 
Extension 165 : GL_EXT_abgr 
Extension 166 : GL_EXT_bgra 
Extension 167 : GL_EXT_bindable_uniform 
Extension 168 : GL_EXT_blend_color 
Extension 169 : GL_EXT_blend_equation_separate 
Extension 170 : GL_EXT_blend_func_separate 
Extension 171 : GL_EXT_blend_minmax 
Extension 172 : GL_EXT_blend_subtract 
Extension 173 : GL_EXT_compiled_vertex_array 
Extension 174 : GL_EXT_Cg_shader 
Extension 175 : GL_EXT_depth_bounds_test 
Extension 176 : GL_EXT_direct_state_access 
Extension 177 : GL_EXT_draw_buffers2 
Extension 178 : GL_EXT_draw_instanced 
Extension 179 : GL_EXT_draw_range_elements 
Extension 180 : GL_EXT_fog_coord 
Extension 181 : GL_EXT_framebuffer_blit 
Extension 182 : GL_EXT_framebuffer_multisample 
Extension 183 : GL_EXTX_framebuffer_mixed_formats 
Extension 184 : GL_EXT_framebuffer_multisample_blit_scaled 
Extension 185 : GL_EXT_framebuffer_object 
Extension 186 : GL_EXT_framebuffer_sRGB 
Extension 187 : GL_EXT_geometry_shader4 
Extension 188 : GL_EXT_gpu_program_parameters 
Extension 189 : GL_EXT_gpu_shader4 
Extension 190 : GL_EXT_multi_draw_arrays 
Extension 191 : GL_EXT_packed_depth_stencil 
Extension 192 : GL_EXT_packed_float 
Extension 193 : GL_EXT_packed_pixels 
Extension 194 : GL_EXT_pixel_buffer_object 
Extension 195 : GL_EXT_point_parameters 
Extension 196 : GL_EXT_polygon_offset_clamp 
Extension 197 : GL_EXT_provoking_vertex 
Extension 198 : GL_EXT_rescale_normal 
Extension 199 : GL_EXT_secondary_color 
Extension 200 : GL_EXT_separate_shader_objects 
Extension 201 : GL_EXT_separate_specular_color 
Extension 202 : GL_EXT_shader_image_load_formatted 
Extension 203 : GL_EXT_shader_image_load_store 
Extension 204 : GL_EXT_shader_integer_mix 
Extension 205 : GL_EXT_shadow_funcs 
Extension 206 : GL_EXT_stencil_two_side 
Extension 207 : GL_EXT_stencil_wrap 
Extension 208 : GL_EXT_texture3D 
Extension 209 : GL_EXT_texture_array 
Extension 210 : GL_EXT_texture_buffer_object 
Extension 211 : GL_EXT_texture_compression_dxt1 
Extension 212 : GL_EXT_texture_compression_latc 
Extension 213 : GL_EXT_texture_compression_rgtc 
Extension 214 : GL_EXT_texture_compression_s3tc 
Extension 215 : GL_EXT_texture_cube_map 
Extension 216 : GL_EXT_texture_edge_clamp 
Extension 217 : GL_EXT_texture_env_combine 
Extension 218 : GL_EXT_texture_env_dot3 
Extension 219 : GL_EXT_texture_filter_anisotropic 
Extension 220 : GL_EXT_texture_integer 
Extension 221 : GL_EXT_texture_lod 
Extension 222 : GL_EXT_texture_lod_bias 
Extension 223 : GL_EXT_texture_mirror_clamp 
Extension 224 : GL_EXT_texture_object 
Extension 225 : GL_EXT_texture_shared_exponent 
Extension 226 : GL_EXT_texture_sRGB 
Extension 227 : GL_EXT_texture_sRGB_decode 
Extension 228 : GL_EXT_texture_storage 
Extension 229 : GL_EXT_texture_swizzle 
Extension 230 : GL_EXT_timer_query 
Extension 231 : GL_EXT_transform_feedback2 
Extension 232 : GL_EXT_vertex_array 
Extension 233 : GL_EXT_vertex_array_bgra 
Extension 234 : GL_EXT_vertex_attrib_64bit 
Extension 235 : GL_EXT_window_rectangles 
Extension 236 : GL_EXT_import_sync_object 
Extension 237 : GL_IBM_rasterpos_clip 
Extension 238 : GL_IBM_texture_mirrored_repeat 
Extension 239 : GL_KHR_context_flush_control 
Extension 240 : GL_KHR_debug 
Extension 241 : GL_EXT_memory_object 
Extension 242 : GL_EXT_memory_object_win32 
Extension 243 : GL_EXT_win32_keyed_mutex 
Extension 244 : GL_KHR_parallel_shader_compile 
Extension 245 : GL_KHR_no_error 
Extension 246 : GL_KHR_robust_buffer_access_behavior 
Extension 247 : GL_KHR_robustness 
Extension 248 : GL_EXT_semaphore 
Extension 249 : GL_EXT_semaphore_win32 
Extension 250 : GL_KTX_buffer_region 
Extension 251 : GL_NV_alpha_to_coverage_dither_control 
Extension 252 : GL_NV_bindless_multi_draw_indirect 
Extension 253 : GL_NV_bindless_multi_draw_indirect_count 
Extension 254 : GL_NV_bindless_texture 
Extension 255 : GL_NV_blend_equation_advanced 
Extension 256 : GL_NV_blend_equation_advanced_coherent 
Extension 257 : GL_NV_blend_minmax_factor 
Extension 258 : GL_NV_blend_square 
Extension 259 : GL_NV_command_list 
Extension 260 : GL_NV_compute_program5 
Extension 261 : GL_NV_conditional_render 
Extension 262 : GL_NV_copy_depth_to_color 
Extension 263 : GL_NV_copy_image 
Extension 264 : GL_NV_depth_buffer_float 
Extension 265 : GL_NV_depth_clamp 
Extension 266 : GL_NV_draw_texture 
Extension 267 : GL_NV_draw_vulkan_image 
Extension 268 : GL_NV_ES1_1_compatibility 
Extension 269 : GL_NV_ES3_1_compatibility 
Extension 270 : GL_NV_explicit_multisample 
Extension 271 : GL_NV_fence 
Extension 272 : GL_NV_float_buffer 
Extension 273 : GL_NV_fog_distance 
Extension 274 : GL_NV_fragment_program 
Extension 275 : GL_NV_fragment_program_option 
Extension 276 : GL_NV_fragment_program2 
Extension 277 : GL_NV_framebuffer_multisample_coverage 
Extension 278 : GL_NV_geometry_shader4 
Extension 279 : GL_NV_gpu_program4 
Extension 280 : GL_NV_internalformat_sample_query 
Extension 281 : GL_NV_gpu_program4_1 
Extension 282 : GL_NV_gpu_program5 
Extension 283 : GL_NV_gpu_program5_mem_extended 
Extension 284 : GL_NV_gpu_program_fp64 
Extension 285 : GL_NV_gpu_shader5 
Extension 286 : GL_NV_half_float 
Extension 287 : GL_NV_light_max_exponent 
Extension 288 : GL_NV_multisample_coverage 
Extension 289 : GL_NV_multisample_filter_hint 
Extension 290 : GL_NV_occlusion_query 
Extension 291 : GL_NV_packed_depth_stencil 
Extension 292 : GL_NV_parameter_buffer_object 
Extension 293 : GL_NV_parameter_buffer_object2 
Extension 294 : GL_NV_path_rendering 
Extension 295 : GL_NV_pixel_data_range 
Extension 296 : GL_NV_point_sprite 
Extension 297 : GL_NV_primitive_restart 
Extension 298 : GL_NV_query_resource 
Extension 299 : GL_NV_query_resource_tag 
Extension 300 : GL_NV_register_combiners 
Extension 301 : GL_NV_register_combiners2 
Extension 302 : GL_NV_shader_atomic_counters 
Extension 303 : GL_NV_shader_atomic_float 
Extension 304 : GL_NV_shader_atomic_int64 
Extension 305 : GL_NV_shader_buffer_load 
Extension 306 : GL_NV_shader_storage_buffer_object 
Extension 307 : GL_NV_texgen_reflection 
Extension 308 : GL_NV_texture_barrier 
Extension 309 : GL_NV_texture_compression_vtc 
Extension 310 : GL_NV_texture_env_combine4 
Extension 311 : GL_NV_texture_multisample 
Extension 312 : GL_NV_texture_rectangle 
Extension 313 : GL_NV_texture_rectangle_compressed 
Extension 314 : GL_NV_texture_shader 
Extension 315 : GL_NV_texture_shader2 
Extension 316 : GL_NV_texture_shader3 
Extension 317 : GL_NV_transform_feedback 
Extension 318 : GL_NV_transform_feedback2 
Extension 319 : GL_NV_uniform_buffer_unified_memory 
Extension 320 : GL_NV_vertex_array_range 
Extension 321 : GL_NV_vertex_array_range2 
Extension 322 : GL_NV_vertex_attrib_integer_64bit 
Extension 323 : GL_NV_vertex_buffer_unified_memory 
Extension 324 : GL_NV_vertex_program 
Extension 325 : GL_NV_vertex_program1_1 
Extension 326 : GL_NV_vertex_program2 
Extension 327 : GL_NV_vertex_program2_option 
Extension 328 : GL_NV_vertex_program3 
Extension 329 : GL_NVX_conditional_render 
Extension 330 : GL_NVX_gpu_memory_info 
Extension 331 : GL_NVX_multigpu_info 
Extension 332 : GL_NVX_nvenc_interop 
Extension 333 : GL_NV_shader_thread_group 
Extension 334 : GL_NV_shader_thread_shuffle 
Extension 335 : GL_KHR_blend_equation_advanced 
Extension 336 : GL_KHR_blend_equation_advanced_coherent 
Extension 337 : GL_SGIS_generate_mipmap 
Extension 338 : GL_SGIS_texture_lod 
Extension 339 : GL_SGIX_depth_texture 
Extension 340 : GL_SGIX_shadow 
Extension 341 : GL_SUN_slice_accum 
Extension 342 : GL_WIN_swap_hint 
Extension 343 : WGL_EXT_swap_control 
